<?xml version="1.0" encoding="UTF-8"?>
<!-- Generated by org.testng.reporters.JUnitReportReporter -->
<testsuite hostname="Sakthi" failures="0" tests="1" name="Test.ExecutionClass" time="6.006" errors="0" timestamp="2024-07-04T12:12:48 IST" skipped="0">
  <testcase classname="Test.ExecutionClass" name="test1" time="6.006"/>
  <system-out/>
</testsuite> <!-- Test.ExecutionClass -->
